Controlador de execução do SIMAN.

346.26952 Horas>
                                      ARENA Simulation Results
                                                Fatec

                                  Sumário para Replicação 1 de 1

Projeto: Unnamed Project                                             Data da execução : 7/29/2024
Analista: Fatec                                                       Data de revisão do modelo: 7/29/2024

Replicação terminada no tempo de      : 346.26952 Horas 
Unidade de Tempo Base: Horas

                                           VARIÁVEIS DE REGISTRO

Identificador                                  Média   Meia Largura  Mínimo    Máximo   Observações
___________________________________________________________________________________________________

Entity 1.VATime                             .00000     (Insuf)    .00000     .00000        319    
Entity 1.NVATime                            .00000     (Insuf)    .00000     .00000        319    
Entity 1.WaitTime                           .00000     (Insuf)    .00000     .00000        319    
Entity 1.TranTime                           .00000     (Insuf)    .00000     .00000        319    
Entity 1.OtherTime                          .00000     (Insuf)    .00000     .00000        319    
Entity 1.TotalTime                          .00000     (Insuf)    .00000     .00000        319    

                                     VARIÁVEIS DISCRETAS

Identificador                                 Média   Meia Largura  Mínimo    Máximo   Valor Final
___________________________________________________________________________________________________

Entity 1.WIP                                .00000     (Insuf)    .00000     1.0000     .00000    

                                             RESULTADOS

Identificador                                   Valor
_____________________________________________________________

Entity 1.NumberIn                           319.00    
Entity 1.NumberOut                          319.00    
System.NumberOut                            319.00    


Tempo executando a simulação: 0.05 minutos.
Simulação completada.
